<?xml version="1.0" encoding="UTF-8"?>
<!-- Generated by org.testng.reporters.JUnitReportReporter -->
<testsuite hostname="DESKTOP-601D2VQ" failures="0" tests="5" name="magento.test1" time="15.833" errors="0" timestamp="2024-02-02T17:19:20 CET" skipped="3">
  <testcase classname="magento.test1" name="addite" time="9.685"/>
  <system-out/>
  <testcase classname="magento.test1" name="hoieolor" time="6.148"/>
  <system-out/>
  <testcase classname="magento.test1" name="logout">
    <skipped/>
  </testcase> <!-- logout -->
  <system-out/>
  <testcase classname="magento.test1" name="singnup">
    <skipped/>
  </testcase> <!-- singnup -->
  <system-out/>
  <testcase classname="magento.test1" name="login">
    <skipped/>
  </testcase> <!-- login -->
  <system-out/>
</testsuite> <!-- magento.test1 -->
